<?xml version="1.0" encoding="UTF-8"?>
<!-- Generated by org.testng.reporters.JUnitReportReporter -->
<testsuite hostname="DESKTOP-DCUKDOL" failures="0" tests="5" name="requestsapi.AllRequests" time="5.017" errors="0" timestamp="2026-02-11T22:46:56 IST" skipped="0">
  <testcase classname="requestsapi.AllRequests" name="getAllUsers" time="2.236"/>
  <testcase classname="requestsapi.AllRequests" name="getSingleUser" time="0.133"/>
  <testcase classname="requestsapi.AllRequests" name="createUser" time="0.822"/>
  <testcase classname="requestsapi.AllRequests" name="updateUser" time="0.910"/>
  <testcase classname="requestsapi.AllRequests" name="deleteUser" time="0.916"/>
</testsuite> <!-- requestsapi.AllRequests -->
