<?xml version="1.0" encoding="UTF-8"?>
<!-- Generated by org.testng.reporters.JUnitXMLReporter -->
<testsuite ignored="0" hostname="DESKTOP-DCUKDOL" failures="1" tests="3" name="AllLoginsTest" time="6.203" errors="0" timestamp="2026-01-28T09:17:48 IST">
  <testcase classname="testNGSuit.SwagLabs_ValidLogin" name="SwagLabsLogin_ValidValid" time="4.087"/>
  <testcase classname="testNGSuit.SwagLabs_ValidLogin" name="SwagLabsLogin_ValidValid" time="2.037"/>
  <testcase classname="testNGSuit.SwagLabs_InValidLogin" name="SwagLabsLogin_InvalidInvalid" time="0.005">
    <failure type="java.lang.Error" message="Unresolved compilation problem: 
	Syntax error, insert &amp;quot;;&amp;quot; to complete Statement
">
      <![CDATA[java.lang.Error: Unresolved compilation problem: 
Syntax error, insert ";" to complete Statement

at testNGSuit.SwagLabs_InValidLogin.SwagLabsLogin_InvalidInvalid(SwagLabs_InValidLogin.java:31)
at java.base/java.util.ArrayList.forEach(ArrayList.java:1604)
... Removed 25 stack frames]]>
    </failure>
  </testcase> <!-- SwagLabsLogin_InvalidInvalid -->
</testsuite> <!-- AllLoginsTest -->
