<?xml version="1.0" encoding="UTF-8"?>
<!-- Generated by org.testng.reporters.JUnitReportReporter -->
<testsuite hostname="DESKTOP-DCUKDOL" failures="0" tests="5" name="testNG.SampleTetsNGScripts" time="0.025" errors="0" timestamp="2026-01-27T10:36:05 IST" skipped="0">
  <testcase classname="testNG.SampleTetsNGScripts" name="India" time="0.015"/>
  <testcase classname="testNG.SampleTetsNGScripts" name="Telangana" time="0.003"/>
  <testcase classname="testNG.SampleTetsNGScripts" name="Telangana" time="0.001"/>
  <testcase classname="testNG.SampleTetsNGScripts" name="Telangana" time="0.003"/>
  <testcase classname="testNG.SampleTetsNGScripts" name="Hyderabad" time="0.003"/>
</testsuite> <!-- testNG.SampleTetsNGScripts -->
