<?xml version="1.0" encoding="UTF-8"?>
<!-- Generated by org.testng.reporters.JUnitReportReporter -->
<testsuite hostname="DESKTOP-DCUKDOL" failures="0" tests="2" name="actionClasses.KeyBoard_Actions_TestNG" time="12.049" errors="0" timestamp="2026-01-20T09:20:31 IST" skipped="0">
  <testcase classname="actionClasses.KeyBoard_Actions_TestNG" name="keyboardActions" time="5.729"/>
  <testcase classname="actionClasses.KeyBoard_Actions_TestNG" name="keyboardActions" time="6.320"/>
</testsuite> <!-- actionClasses.KeyBoard_Actions_TestNG -->
