<?xml version="1.0" encoding="UTF-8"?>
<!-- Generated by org.testng.reporters.JUnitReportReporter -->
<testsuite hostname="DESKTOP-DCUKDOL" failures="0" tests="2" name="testNGSuit.SwagLabs_ValidLogin" time="6.124" errors="0" timestamp="2026-01-28T09:17:48 IST" skipped="0">
  <testcase classname="testNGSuit.SwagLabs_ValidLogin" name="SwagLabsLogin_ValidValid" time="4.087"/>
  <testcase classname="testNGSuit.SwagLabs_ValidLogin" name="SwagLabsLogin_ValidValid" time="2.037"/>
</testsuite> <!-- testNGSuit.SwagLabs_ValidLogin -->
