<?xml version="1.0" encoding="UTF-8"?>
<!-- Generated by org.testng.reporters.JUnitReportReporter -->
<testsuite hostname="DESKTOP-DCUKDOL" failures="0" tests="2" name="testNG.TestNG_Annotations" time="5.086" errors="0" timestamp="2026-01-28T09:43:42 IST" skipped="0">
  <testcase classname="testNG.TestNG_Annotations" name="SwagLabsLogin_ValidValid" time="2.271"/>
  <testcase classname="testNG.TestNG_Annotations" name="SwagLabsLogin_InvalidInvalid" time="2.815"/>
</testsuite> <!-- testNG.TestNG_Annotations -->
