<?xml version="1.0" encoding="UTF-8"?>
<testng-results ignored="0" total="2" passed="2" failed="0" skipped="0">
  <reporter-output>
  </reporter-output>
  <suite started-at="2026-01-28T09:43:37 IST" name="Default suite" finished-at="2026-01-28T09:43:42 IST" duration-ms="5151">
    <groups>
    </groups>
    <test started-at="2026-01-28T09:43:37 IST" name="Default test" finished-at="2026-01-28T09:43:42 IST" duration-ms="5151">
      <class name="testNG.TestNG_Annotations">
        <test-method is-config="true" signature="BrowserSetup()[pri:0, instance:testNG.TestNG_Annotations@31368b99]" started-at="2026-01-28T09:43:37 IST" name="BrowserSetup" finished-at="2026-01-28T09:43:39 IST" duration-ms="2206" status="PASS">
          <reporter-output>
          </reporter-output>
        </test-method> <!-- BrowserSetup -->
        <test-method signature="SwagLabsLogin_ValidValid()[pri:1, instance:testNG.TestNG_Annotations@31368b99]" started-at="2026-01-28T09:43:39 IST" name="SwagLabsLogin_ValidValid" finished-at="2026-01-28T09:43:40 IST" duration-ms="525" status="PASS">
          <reporter-output>
          </reporter-output>
        </test-method> <!-- SwagLabsLogin_ValidValid -->
        <test-method is-config="true" signature="BrowserClose()[pri:0, instance:testNG.TestNG_Annotations@31368b99]" started-at="2026-01-28T09:43:40 IST" name="BrowserClose" finished-at="2026-01-28T09:43:40 IST" duration-ms="180" status="PASS">
          <reporter-output>
          </reporter-output>
        </test-method> <!-- BrowserClose -->
        <test-method is-config="true" signature="BrowserSetup()[pri:0, instance:testNG.TestNG_Annotations@31368b99]" started-at="2026-01-28T09:43:40 IST" name="BrowserSetup" finished-at="2026-01-28T09:43:41 IST" duration-ms="1573" status="PASS">
          <reporter-output>
          </reporter-output>
        </test-method> <!-- BrowserSetup -->
        <test-method signature="SwagLabsLogin_InvalidInvalid()[pri:2, instance:testNG.TestNG_Annotations@31368b99]" started-at="2026-01-28T09:43:41 IST" name="SwagLabsLogin_InvalidInvalid" finished-at="2026-01-28T09:43:42 IST" duration-ms="429" status="PASS">
          <reporter-output>
          </reporter-output>
        </test-method> <!-- SwagLabsLogin_InvalidInvalid -->
        <test-method is-config="true" signature="BrowserClose()[pri:0, instance:testNG.TestNG_Annotations@31368b99]" started-at="2026-01-28T09:43:42 IST" name="BrowserClose" finished-at="2026-01-28T09:43:42 IST" duration-ms="173" status="PASS">
          <reporter-output>
          </reporter-output>
        </test-method> <!-- BrowserClose -->
      </class> <!-- testNG.TestNG_Annotations -->
    </test> <!-- Default test -->
  </suite> <!-- Default suite -->
</testng-results>
