<?xml version="1.0" encoding="UTF-8"?>
<testng-results ignored="0" total="2" passed="2" failed="0" skipped="0">
  <reporter-output>
  </reporter-output>
  <suite started-at="2026-01-20T09:20:19 IST" name="Default suite" finished-at="2026-01-20T09:20:31 IST" duration-ms="12101">
    <groups>
    </groups>
    <test started-at="2026-01-20T09:20:19 IST" name="Default test" finished-at="2026-01-20T09:20:31 IST" duration-ms="12101">
      <class name="actionClasses.KeyBoard_Actions_TestNG">
        <test-method signature="keyboardActions()[pri:2, instance:actionClasses.KeyBoard_Actions_TestNG@9353778]" started-at="2026-01-20T09:20:19 IST" name="keyboardActions" finished-at="2026-01-20T09:20:25 IST" duration-ms="6320" status="PASS">
          <reporter-output>
          </reporter-output>
        </test-method> <!-- keyboardActions -->
        <test-method signature="keyboardActions()[pri:2, instance:actionClasses.KeyBoard_Actions_TestNG@9353778]" started-at="2026-01-20T09:20:26 IST" name="keyboardActions" finished-at="2026-01-20T09:20:31 IST" duration-ms="5729" status="PASS">
          <reporter-output>
          </reporter-output>
        </test-method> <!-- keyboardActions -->
      </class> <!-- actionClasses.KeyBoard_Actions_TestNG -->
    </test> <!-- Default test -->
  </suite> <!-- Default suite -->
</testng-results>
